2019-05-31 09:39:23.693 [main] INFO  com.test.authentication.AuthenticationApplication - Starting AuthenticationApplication on DESKTOP-VMUUFFJ with PID 8436 (F:\project2\myshiro\authentication\target\classes started by eeesys7 in F:\project2\myshiro)
2019-05-31 09:39:23.720 [main] INFO  com.test.authentication.AuthenticationApplication - No active profile set, falling back to default profiles: default
2019-05-31 09:39:25.744 [main] INFO  org.apache.coyote.http11.Http11NioProtocol - Initializing ProtocolHandler ["http-nio-8080"]
2019-05-31 09:39:25.763 [main] INFO  org.apache.catalina.core.StandardService - Starting service [Tomcat]
2019-05-31 09:39:25.764 [main] INFO  org.apache.catalina.core.StandardEngine - Starting Servlet engine: [Apache Tomcat/9.0.16]
2019-05-31 09:39:25.773 [main] INFO  org.apache.catalina.core.AprLifecycleListener - The APR based Apache Tomcat Native library which allows optimal performance in production environments was not found on the java.library.path: [C:\Program Files\Java\jdk1.8.0_144\bin;C:\WINDOWS\Sun\Java\bin;C:\WINDOWS\system32;C:\WINDOWS;C:\ProgramData\Oracle\Java\javapath;C:\Program Files (x86)\NVIDIA Corporation\PhysX\Common;C:\WINDOWS\system32;C:\WINDOWS;C:\WINDOWS\System32\Wbem;C:\WINDOWS\System32\WindowsPowerShell\v1.0\;C:\Program Files (x86)\ATI Technologies\ATI.ACE\Core-Static;C:\Program Files\MySQL\MySQL Server 5.5\bin;C:\Program Files\Java\jdk1.8.0_144\bin;C:\Users\eeesys7\AppData\Roaming\npm;E:\Program Files\nodejs\;C:\WINDOWS\System32\OpenSSH\;C:\Program Files (x86)\Microsoft SQL Server\100\Tools\Binn\;C:\Program Files\Microsoft SQL Server\100\Tools\Binn\;C:\Program Files\Microsoft SQL Server\100\DTS\Binn\;C:\Program Files (x86)\Microsoft SQL Server\100\Tools\Binn\VSShell\Common7\IDE\;C:\Program Files (x86)\Microsoft SQL Server\100\DTS\Binn\;E:\Program Files\Git\cmd;C:\Program Files\Java\jdk1.8.0_144\bin;C:\Users\eeesys7\AppData\Roaming\npm;C:\Users\eeesys7\AppData\Local\Microsoft\WindowsApps;E:\gradle-4.9\bin;F:\Tesseract-OCR;F:\apache-ant-1.9.7\bin;E:\apache-maven-3.3.3\bin;;.]
2019-05-31 09:39:25.931 [main] INFO  org.apache.catalina.core.ContainerBase.[Tomcat].[localhost].[/] - Initializing Spring embedded WebApplicationContext
2019-05-31 09:39:26.023 [main] INFO  org.apache.catalina.core.StandardService - Stopping service [Tomcat]
2019-05-31 09:39:59.025 [main] INFO  com.test.authentication.AuthenticationApplication - Starting AuthenticationApplication on DESKTOP-VMUUFFJ with PID 5724 (F:\project2\myshiro\authentication\target\classes started by eeesys7 in F:\project2\myshiro)
2019-05-31 09:39:59.034 [main] INFO  com.test.authentication.AuthenticationApplication - No active profile set, falling back to default profiles: default
2019-05-31 09:40:00.460 [main] INFO  org.apache.coyote.http11.Http11NioProtocol - Initializing ProtocolHandler ["http-nio-8080"]
2019-05-31 09:40:00.471 [main] INFO  org.apache.catalina.core.StandardService - Starting service [Tomcat]
2019-05-31 09:40:00.472 [main] INFO  org.apache.catalina.core.StandardEngine - Starting Servlet engine: [Apache Tomcat/9.0.16]
2019-05-31 09:40:00.480 [main] INFO  org.apache.catalina.core.AprLifecycleListener - The APR based Apache Tomcat Native library which allows optimal performance in production environments was not found on the java.library.path: [C:\Program Files\Java\jdk1.8.0_144\bin;C:\WINDOWS\Sun\Java\bin;C:\WINDOWS\system32;C:\WINDOWS;C:\ProgramData\Oracle\Java\javapath;C:\Program Files (x86)\NVIDIA Corporation\PhysX\Common;C:\WINDOWS\system32;C:\WINDOWS;C:\WINDOWS\System32\Wbem;C:\WINDOWS\System32\WindowsPowerShell\v1.0\;C:\Program Files (x86)\ATI Technologies\ATI.ACE\Core-Static;C:\Program Files\MySQL\MySQL Server 5.5\bin;C:\Program Files\Java\jdk1.8.0_144\bin;C:\Users\eeesys7\AppData\Roaming\npm;E:\Program Files\nodejs\;C:\WINDOWS\System32\OpenSSH\;C:\Program Files (x86)\Microsoft SQL Server\100\Tools\Binn\;C:\Program Files\Microsoft SQL Server\100\Tools\Binn\;C:\Program Files\Microsoft SQL Server\100\DTS\Binn\;C:\Program Files (x86)\Microsoft SQL Server\100\Tools\Binn\VSShell\Common7\IDE\;C:\Program Files (x86)\Microsoft SQL Server\100\DTS\Binn\;E:\Program Files\Git\cmd;C:\Program Files\Java\jdk1.8.0_144\bin;C:\Users\eeesys7\AppData\Roaming\npm;C:\Users\eeesys7\AppData\Local\Microsoft\WindowsApps;E:\gradle-4.9\bin;F:\Tesseract-OCR;F:\apache-ant-1.9.7\bin;E:\apache-maven-3.3.3\bin;;.]
2019-05-31 09:40:00.622 [main] INFO  org.apache.catalina.core.ContainerBase.[Tomcat].[localhost].[/] - Initializing Spring embedded WebApplicationContext
2019-05-31 09:40:00.889 [main] INFO  com.zaxxer.hikari.HikariDataSource - HikariPool-1 - Starting...
2019-05-31 09:40:01.153 [main] INFO  com.zaxxer.hikari.HikariDataSource - HikariPool-1 - Start completed.
2019-05-31 09:40:02.280 [main] INFO  org.apache.coyote.http11.Http11NioProtocol - Starting ProtocolHandler ["http-nio-8080"]
2019-05-31 09:40:02.312 [main] INFO  com.test.authentication.AuthenticationApplication - Started AuthenticationApplication in 4.109 seconds (JVM running for 5.54)
2019-05-31 09:40:52.716 [http-nio-8080-exec-2] INFO  org.apache.catalina.core.ContainerBase.[Tomcat].[localhost].[/] - Initializing Spring DispatcherServlet 'dispatcherServlet'
2019-05-31 09:41:03.013 [http-nio-8080-exec-2] ERROR org.apache.catalina.core.ContainerBase.[Tomcat].[localhost].[/].[dispatcherServlet] - Servlet.service() for servlet [dispatcherServlet] in context with path [] threw exception [Request processing failed; nested exception is org.apache.shiro.UnavailableSecurityManagerException: No SecurityManager accessible to the calling code, either bound to the org.apache.shiro.util.ThreadContext or as a vm static singleton.  This is an invalid application configuration.] with root cause
org.apache.shiro.UnavailableSecurityManagerException: No SecurityManager accessible to the calling code, either bound to the org.apache.shiro.util.ThreadContext or as a vm static singleton.  This is an invalid application configuration.
	at org.apache.shiro.SecurityUtils.getSecurityManager(SecurityUtils.java:123) ~[shiro-core-1.4.0.jar:1.4.0]
	at org.apache.shiro.subject.Subject$Builder.<init>(Subject.java:626) ~[shiro-core-1.4.0.jar:1.4.0]
	at org.apache.shiro.SecurityUtils.getSubject(SecurityUtils.java:56) ~[shiro-core-1.4.0.jar:1.4.0]
	at com.test.authentication.controller.TestContralloer.login(TestContralloer.java:20) ~[classes/:?]
	at sun.reflect.NativeMethodAccessorImpl.invoke0(Native Method) ~[?:1.8.0_144]
	at sun.reflect.NativeMethodAccessorImpl.invoke(NativeMethodAccessorImpl.java:62) ~[?:1.8.0_144]
	at sun.reflect.DelegatingMethodAccessorImpl.invoke(DelegatingMethodAccessorImpl.java:43) ~[?:1.8.0_144]
	at java.lang.reflect.Method.invoke(Method.java:498) ~[?:1.8.0_144]
	at org.springframework.web.method.support.InvocableHandlerMethod.doInvoke(InvocableHandlerMethod.java:189) ~[spring-web-5.1.5.RELEASE.jar:5.1.5.RELEASE]
	at org.springframework.web.method.support.InvocableHandlerMethod.invokeForRequest(InvocableHandlerMethod.java:138) ~[spring-web-5.1.5.RELEASE.jar:5.1.5.RELEASE]
	at org.springframework.web.servlet.mvc.method.annotation.ServletInvocableHandlerMethod.invokeAndHandle(ServletInvocableHandlerMethod.java:102) ~[spring-webmvc-5.1.5.RELEASE.jar:5.1.5.RELEASE]
	at org.springframework.web.servlet.mvc.method.annotation.RequestMappingHandlerAdapter.invokeHandlerMethod(RequestMappingHandlerAdapter.java:895) ~[spring-webmvc-5.1.5.RELEASE.jar:5.1.5.RELEASE]
	at org.springframework.web.servlet.mvc.method.annotation.RequestMappingHandlerAdapter.handleInternal(RequestMappingHandlerAdapter.java:800) ~[spring-webmvc-5.1.5.RELEASE.jar:5.1.5.RELEASE]
	at org.springframework.web.servlet.mvc.method.AbstractHandlerMethodAdapter.handle(AbstractHandlerMethodAdapter.java:87) ~[spring-webmvc-5.1.5.RELEASE.jar:5.1.5.RELEASE]
	at org.springframework.web.servlet.DispatcherServlet.doDispatch(DispatcherServlet.java:1038) ~[spring-webmvc-5.1.5.RELEASE.jar:5.1.5.RELEASE]
	at org.springframework.web.servlet.DispatcherServlet.doService(DispatcherServlet.java:942) ~[spring-webmvc-5.1.5.RELEASE.jar:5.1.5.RELEASE]
	at org.springframework.web.servlet.FrameworkServlet.processRequest(FrameworkServlet.java:1005) ~[spring-webmvc-5.1.5.RELEASE.jar:5.1.5.RELEASE]
	at org.springframework.web.servlet.FrameworkServlet.doGet(FrameworkServlet.java:897) ~[spring-webmvc-5.1.5.RELEASE.jar:5.1.5.RELEASE]
	at javax.servlet.http.HttpServlet.service(HttpServlet.java:634) ~[tomcat-embed-core-9.0.16.jar:9.0.16]
	at org.springframework.web.servlet.FrameworkServlet.service(FrameworkServlet.java:882) ~[spring-webmvc-5.1.5.RELEASE.jar:5.1.5.RELEASE]
	at javax.servlet.http.HttpServlet.service(HttpServlet.java:741) ~[tomcat-embed-core-9.0.16.jar:9.0.16]
	at org.apache.catalina.core.ApplicationFilterChain.internalDoFilter(ApplicationFilterChain.java:231) ~[tomcat-embed-core-9.0.16.jar:9.0.16]
	at org.apache.catalina.core.ApplicationFilterChain.doFilter(ApplicationFilterChain.java:166) ~[tomcat-embed-core-9.0.16.jar:9.0.16]
	at org.apache.tomcat.websocket.server.WsFilter.doFilter(WsFilter.java:53) ~[tomcat-embed-websocket-9.0.16.jar:9.0.16]
	at org.apache.catalina.core.ApplicationFilterChain.internalDoFilter(ApplicationFilterChain.java:193) ~[tomcat-embed-core-9.0.16.jar:9.0.16]
	at org.apache.catalina.core.ApplicationFilterChain.doFilter(ApplicationFilterChain.java:166) ~[tomcat-embed-core-9.0.16.jar:9.0.16]
	at org.springframework.web.filter.RequestContextFilter.doFilterInternal(RequestContextFilter.java:99) ~[spring-web-5.1.5.RELEASE.jar:5.1.5.RELEASE]
	at org.springframework.web.filter.OncePerRequestFilter.doFilter(OncePerRequestFilter.java:107) ~[spring-web-5.1.5.RELEASE.jar:5.1.5.RELEASE]
	at org.apache.catalina.core.ApplicationFilterChain.internalDoFilter(ApplicationFilterChain.java:193) ~[tomcat-embed-core-9.0.16.jar:9.0.16]
	at org.apache.catalina.core.ApplicationFilterChain.doFilter(ApplicationFilterChain.java:166) ~[tomcat-embed-core-9.0.16.jar:9.0.16]
	at org.springframework.web.filter.FormContentFilter.doFilterInternal(FormContentFilter.java:92) ~[spring-web-5.1.5.RELEASE.jar:5.1.5.RELEASE]
	at org.springframework.web.filter.OncePerRequestFilter.doFilter(OncePerRequestFilter.java:107) ~[spring-web-5.1.5.RELEASE.jar:5.1.5.RELEASE]
	at org.apache.catalina.core.ApplicationFilterChain.internalDoFilter(ApplicationFilterChain.java:193) ~[tomcat-embed-core-9.0.16.jar:9.0.16]
	at org.apache.catalina.core.ApplicationFilterChain.doFilter(ApplicationFilterChain.java:166) ~[tomcat-embed-core-9.0.16.jar:9.0.16]
	at org.springframework.web.filter.HiddenHttpMethodFilter.doFilterInternal(HiddenHttpMethodFilter.java:93) ~[spring-web-5.1.5.RELEASE.jar:5.1.5.RELEASE]
	at org.springframework.web.filter.OncePerRequestFilter.doFilter(OncePerRequestFilter.java:107) ~[spring-web-5.1.5.RELEASE.jar:5.1.5.RELEASE]
	at org.apache.catalina.core.ApplicationFilterChain.internalDoFilter(ApplicationFilterChain.java:193) ~[tomcat-embed-core-9.0.16.jar:9.0.16]
	at org.apache.catalina.core.ApplicationFilterChain.doFilter(ApplicationFilterChain.java:166) ~[tomcat-embed-core-9.0.16.jar:9.0.16]
	at org.springframework.web.filter.CharacterEncodingFilter.doFilterInternal(CharacterEncodingFilter.java:200) ~[spring-web-5.1.5.RELEASE.jar:5.1.5.RELEASE]
	at org.springframework.web.filter.OncePerRequestFilter.doFilter(OncePerRequestFilter.java:107) ~[spring-web-5.1.5.RELEASE.jar:5.1.5.RELEASE]
	at org.apache.catalina.core.ApplicationFilterChain.internalDoFilter(ApplicationFilterChain.java:193) ~[tomcat-embed-core-9.0.16.jar:9.0.16]
	at org.apache.catalina.core.ApplicationFilterChain.doFilter(ApplicationFilterChain.java:166) ~[tomcat-embed-core-9.0.16.jar:9.0.16]
	at org.apache.catalina.core.StandardWrapperValve.invoke(StandardWrapperValve.java:200) [tomcat-embed-core-9.0.16.jar:9.0.16]
	at org.apache.catalina.core.StandardContextValve.invoke(StandardContextValve.java:96) [tomcat-embed-core-9.0.16.jar:9.0.16]
	at org.apache.catalina.authenticator.AuthenticatorBase.invoke(AuthenticatorBase.java:490) [tomcat-embed-core-9.0.16.jar:9.0.16]
	at org.apache.catalina.core.StandardHostValve.invoke(StandardHostValve.java:139) [tomcat-embed-core-9.0.16.jar:9.0.16]
	at org.apache.catalina.valves.ErrorReportValve.invoke(ErrorReportValve.java:92) [tomcat-embed-core-9.0.16.jar:9.0.16]
	at org.apache.catalina.core.StandardEngineValve.invoke(StandardEngineValve.java:74) [tomcat-embed-core-9.0.16.jar:9.0.16]
	at org.apache.catalina.connector.CoyoteAdapter.service(CoyoteAdapter.java:343) [tomcat-embed-core-9.0.16.jar:9.0.16]
	at org.apache.coyote.http11.Http11Processor.service(Http11Processor.java:408) [tomcat-embed-core-9.0.16.jar:9.0.16]
	at org.apache.coyote.AbstractProcessorLight.process(AbstractProcessorLight.java:66) [tomcat-embed-core-9.0.16.jar:9.0.16]
	at org.apache.coyote.AbstractProtocol$ConnectionHandler.process(AbstractProtocol.java:834) [tomcat-embed-core-9.0.16.jar:9.0.16]
	at org.apache.tomcat.util.net.NioEndpoint$SocketProcessor.doRun(NioEndpoint.java:1415) [tomcat-embed-core-9.0.16.jar:9.0.16]
	at org.apache.tomcat.util.net.SocketProcessorBase.run(SocketProcessorBase.java:49) [tomcat-embed-core-9.0.16.jar:9.0.16]
	at java.util.concurrent.ThreadPoolExecutor.runWorker(ThreadPoolExecutor.java:1149) [?:1.8.0_144]
	at java.util.concurrent.ThreadPoolExecutor$Worker.run(ThreadPoolExecutor.java:624) [?:1.8.0_144]
	at org.apache.tomcat.util.threads.TaskThread$WrappingRunnable.run(TaskThread.java:61) [tomcat-embed-core-9.0.16.jar:9.0.16]
	at java.lang.Thread.run(Thread.java:748) [?:1.8.0_144]
2019-05-31 09:42:59.562 [main] INFO  com.test.authentication.AuthenticationApplication - Starting AuthenticationApplication on DESKTOP-VMUUFFJ with PID 10148 (F:\project2\myshiro\authentication\target\classes started by eeesys7 in F:\project2\myshiro)
2019-05-31 09:42:59.570 [main] INFO  com.test.authentication.AuthenticationApplication - No active profile set, falling back to default profiles: default
2019-05-31 09:43:01.024 [main] INFO  org.apache.coyote.http11.Http11NioProtocol - Initializing ProtocolHandler ["http-nio-8080"]
2019-05-31 09:43:01.034 [main] INFO  org.apache.catalina.core.StandardService - Starting service [Tomcat]
2019-05-31 09:43:01.035 [main] INFO  org.apache.catalina.core.StandardEngine - Starting Servlet engine: [Apache Tomcat/9.0.16]
2019-05-31 09:43:01.043 [main] INFO  org.apache.catalina.core.AprLifecycleListener - The APR based Apache Tomcat Native library which allows optimal performance in production environments was not found on the java.library.path: [C:\Program Files\Java\jdk1.8.0_144\bin;C:\WINDOWS\Sun\Java\bin;C:\WINDOWS\system32;C:\WINDOWS;C:\ProgramData\Oracle\Java\javapath;C:\Program Files (x86)\NVIDIA Corporation\PhysX\Common;C:\WINDOWS\system32;C:\WINDOWS;C:\WINDOWS\System32\Wbem;C:\WINDOWS\System32\WindowsPowerShell\v1.0\;C:\Program Files (x86)\ATI Technologies\ATI.ACE\Core-Static;C:\Program Files\MySQL\MySQL Server 5.5\bin;C:\Program Files\Java\jdk1.8.0_144\bin;C:\Users\eeesys7\AppData\Roaming\npm;E:\Program Files\nodejs\;C:\WINDOWS\System32\OpenSSH\;C:\Program Files (x86)\Microsoft SQL Server\100\Tools\Binn\;C:\Program Files\Microsoft SQL Server\100\Tools\Binn\;C:\Program Files\Microsoft SQL Server\100\DTS\Binn\;C:\Program Files (x86)\Microsoft SQL Server\100\Tools\Binn\VSShell\Common7\IDE\;C:\Program Files (x86)\Microsoft SQL Server\100\DTS\Binn\;E:\Program Files\Git\cmd;C:\Program Files\Java\jdk1.8.0_144\bin;C:\Users\eeesys7\AppData\Roaming\npm;C:\Users\eeesys7\AppData\Local\Microsoft\WindowsApps;E:\gradle-4.9\bin;F:\Tesseract-OCR;F:\apache-ant-1.9.7\bin;E:\apache-maven-3.3.3\bin;;.]
2019-05-31 09:43:01.185 [main] INFO  org.apache.catalina.core.ContainerBase.[Tomcat].[localhost].[/] - Initializing Spring embedded WebApplicationContext
2019-05-31 09:43:01.405 [main] INFO  com.zaxxer.hikari.HikariDataSource - HikariPool-1 - Starting...
2019-05-31 09:43:01.605 [main] INFO  com.zaxxer.hikari.HikariDataSource - HikariPool-1 - Start completed.
2019-05-31 09:43:02.570 [main] INFO  org.apache.coyote.http11.Http11NioProtocol - Starting ProtocolHandler ["http-nio-8080"]
2019-05-31 09:43:02.603 [main] INFO  com.test.authentication.AuthenticationApplication - Started AuthenticationApplication in 3.803 seconds (JVM running for 5.113)
2019-05-31 09:43:10.866 [http-nio-8080-exec-1] INFO  org.apache.catalina.core.ContainerBase.[Tomcat].[localhost].[/] - Initializing Spring DispatcherServlet 'dispatcherServlet'
2019-05-31 09:43:15.566 [http-nio-8080-exec-1] ERROR org.apache.catalina.core.ContainerBase.[Tomcat].[localhost].[/].[dispatcherServlet] - Servlet.service() for servlet [dispatcherServlet] in context with path [] threw exception [Request processing failed; nested exception is org.apache.shiro.UnavailableSecurityManagerException: No SecurityManager accessible to the calling code, either bound to the org.apache.shiro.util.ThreadContext or as a vm static singleton.  This is an invalid application configuration.] with root cause
org.apache.shiro.UnavailableSecurityManagerException: No SecurityManager accessible to the calling code, either bound to the org.apache.shiro.util.ThreadContext or as a vm static singleton.  This is an invalid application configuration.
	at org.apache.shiro.SecurityUtils.getSecurityManager(SecurityUtils.java:123) ~[shiro-core-1.4.0.jar:1.4.0]
	at org.apache.shiro.subject.Subject$Builder.<init>(Subject.java:626) ~[shiro-core-1.4.0.jar:1.4.0]
	at org.apache.shiro.SecurityUtils.getSubject(SecurityUtils.java:56) ~[shiro-core-1.4.0.jar:1.4.0]
	at com.test.authentication.controller.TestContralloer.login(TestContralloer.java:20) ~[classes/:?]
	at sun.reflect.NativeMethodAccessorImpl.invoke0(Native Method) ~[?:1.8.0_144]
	at sun.reflect.NativeMethodAccessorImpl.invoke(NativeMethodAccessorImpl.java:62) ~[?:1.8.0_144]
	at sun.reflect.DelegatingMethodAccessorImpl.invoke(DelegatingMethodAccessorImpl.java:43) ~[?:1.8.0_144]
	at java.lang.reflect.Method.invoke(Method.java:498) ~[?:1.8.0_144]
	at org.springframework.web.method.support.InvocableHandlerMethod.doInvoke(InvocableHandlerMethod.java:189) ~[spring-web-5.1.5.RELEASE.jar:5.1.5.RELEASE]
	at org.springframework.web.method.support.InvocableHandlerMethod.invokeForRequest(InvocableHandlerMethod.java:138) ~[spring-web-5.1.5.RELEASE.jar:5.1.5.RELEASE]
	at org.springframework.web.servlet.mvc.method.annotation.ServletInvocableHandlerMethod.invokeAndHandle(ServletInvocableHandlerMethod.java:102) ~[spring-webmvc-5.1.5.RELEASE.jar:5.1.5.RELEASE]
	at org.springframework.web.servlet.mvc.method.annotation.RequestMappingHandlerAdapter.invokeHandlerMethod(RequestMappingHandlerAdapter.java:895) ~[spring-webmvc-5.1.5.RELEASE.jar:5.1.5.RELEASE]
	at org.springframework.web.servlet.mvc.method.annotation.RequestMappingHandlerAdapter.handleInternal(RequestMappingHandlerAdapter.java:800) ~[spring-webmvc-5.1.5.RELEASE.jar:5.1.5.RELEASE]
	at org.springframework.web.servlet.mvc.method.AbstractHandlerMethodAdapter.handle(AbstractHandlerMethodAdapter.java:87) ~[spring-webmvc-5.1.5.RELEASE.jar:5.1.5.RELEASE]
	at org.springframework.web.servlet.DispatcherServlet.doDispatch(DispatcherServlet.java:1038) ~[spring-webmvc-5.1.5.RELEASE.jar:5.1.5.RELEASE]
	at org.springframework.web.servlet.DispatcherServlet.doService(DispatcherServlet.java:942) ~[spring-webmvc-5.1.5.RELEASE.jar:5.1.5.RELEASE]
	at org.springframework.web.servlet.FrameworkServlet.processRequest(FrameworkServlet.java:1005) ~[spring-webmvc-5.1.5.RELEASE.jar:5.1.5.RELEASE]
	at org.springframework.web.servlet.FrameworkServlet.doGet(FrameworkServlet.java:897) ~[spring-webmvc-5.1.5.RELEASE.jar:5.1.5.RELEASE]
	at javax.servlet.http.HttpServlet.service(HttpServlet.java:634) ~[tomcat-embed-core-9.0.16.jar:9.0.16]
	at org.springframework.web.servlet.FrameworkServlet.service(FrameworkServlet.java:882) ~[spring-webmvc-5.1.5.RELEASE.jar:5.1.5.RELEASE]
	at javax.servlet.http.HttpServlet.service(HttpServlet.java:741) ~[tomcat-embed-core-9.0.16.jar:9.0.16]
	at org.apache.catalina.core.ApplicationFilterChain.internalDoFilter(ApplicationFilterChain.java:231) ~[tomcat-embed-core-9.0.16.jar:9.0.16]
	at org.apache.catalina.core.ApplicationFilterChain.doFilter(ApplicationFilterChain.java:166) ~[tomcat-embed-core-9.0.16.jar:9.0.16]
	at org.apache.tomcat.websocket.server.WsFilter.doFilter(WsFilter.java:53) ~[tomcat-embed-websocket-9.0.16.jar:9.0.16]
	at org.apache.catalina.core.ApplicationFilterChain.internalDoFilter(ApplicationFilterChain.java:193) ~[tomcat-embed-core-9.0.16.jar:9.0.16]
	at org.apache.catalina.core.ApplicationFilterChain.doFilter(ApplicationFilterChain.java:166) ~[tomcat-embed-core-9.0.16.jar:9.0.16]
	at org.springframework.web.filter.RequestContextFilter.doFilterInternal(RequestContextFilter.java:99) ~[spring-web-5.1.5.RELEASE.jar:5.1.5.RELEASE]
	at org.springframework.web.filter.OncePerRequestFilter.doFilter(OncePerRequestFilter.java:107) ~[spring-web-5.1.5.RELEASE.jar:5.1.5.RELEASE]
	at org.apache.catalina.core.ApplicationFilterChain.internalDoFilter(ApplicationFilterChain.java:193) ~[tomcat-embed-core-9.0.16.jar:9.0.16]
	at org.apache.catalina.core.ApplicationFilterChain.doFilter(ApplicationFilterChain.java:166) ~[tomcat-embed-core-9.0.16.jar:9.0.16]
	at org.springframework.web.filter.FormContentFilter.doFilterInternal(FormContentFilter.java:92) ~[spring-web-5.1.5.RELEASE.jar:5.1.5.RELEASE]
	at org.springframework.web.filter.OncePerRequestFilter.doFilter(OncePerRequestFilter.java:107) ~[spring-web-5.1.5.RELEASE.jar:5.1.5.RELEASE]
	at org.apache.catalina.core.ApplicationFilterChain.internalDoFilter(ApplicationFilterChain.java:193) ~[tomcat-embed-core-9.0.16.jar:9.0.16]
	at org.apache.catalina.core.ApplicationFilterChain.doFilter(ApplicationFilterChain.java:166) ~[tomcat-embed-core-9.0.16.jar:9.0.16]
	at org.springframework.web.filter.HiddenHttpMethodFilter.doFilterInternal(HiddenHttpMethodFilter.java:93) ~[spring-web-5.1.5.RELEASE.jar:5.1.5.RELEASE]
	at org.springframework.web.filter.OncePerRequestFilter.doFilter(OncePerRequestFilter.java:107) ~[spring-web-5.1.5.RELEASE.jar:5.1.5.RELEASE]
	at org.apache.catalina.core.ApplicationFilterChain.internalDoFilter(ApplicationFilterChain.java:193) ~[tomcat-embed-core-9.0.16.jar:9.0.16]
	at org.apache.catalina.core.ApplicationFilterChain.doFilter(ApplicationFilterChain.java:166) ~[tomcat-embed-core-9.0.16.jar:9.0.16]
	at org.springframework.web.filter.CharacterEncodingFilter.doFilterInternal(CharacterEncodingFilter.java:200) ~[spring-web-5.1.5.RELEASE.jar:5.1.5.RELEASE]
	at org.springframework.web.filter.OncePerRequestFilter.doFilter(OncePerRequestFilter.java:107) ~[spring-web-5.1.5.RELEASE.jar:5.1.5.RELEASE]
	at org.apache.catalina.core.ApplicationFilterChain.internalDoFilter(ApplicationFilterChain.java:193) ~[tomcat-embed-core-9.0.16.jar:9.0.16]
	at org.apache.catalina.core.ApplicationFilterChain.doFilter(ApplicationFilterChain.java:166) ~[tomcat-embed-core-9.0.16.jar:9.0.16]
	at org.apache.catalina.core.StandardWrapperValve.invoke(StandardWrapperValve.java:200) [tomcat-embed-core-9.0.16.jar:9.0.16]
	at org.apache.catalina.core.StandardContextValve.invoke(StandardContextValve.java:96) [tomcat-embed-core-9.0.16.jar:9.0.16]
	at org.apache.catalina.authenticator.AuthenticatorBase.invoke(AuthenticatorBase.java:490) [tomcat-embed-core-9.0.16.jar:9.0.16]
	at org.apache.catalina.core.StandardHostValve.invoke(StandardHostValve.java:139) [tomcat-embed-core-9.0.16.jar:9.0.16]
	at org.apache.catalina.valves.ErrorReportValve.invoke(ErrorReportValve.java:92) [tomcat-embed-core-9.0.16.jar:9.0.16]
	at org.apache.catalina.core.StandardEngineValve.invoke(StandardEngineValve.java:74) [tomcat-embed-core-9.0.16.jar:9.0.16]
	at org.apache.catalina.connector.CoyoteAdapter.service(CoyoteAdapter.java:343) [tomcat-embed-core-9.0.16.jar:9.0.16]
	at org.apache.coyote.http11.Http11Processor.service(Http11Processor.java:408) [tomcat-embed-core-9.0.16.jar:9.0.16]
	at org.apache.coyote.AbstractProcessorLight.process(AbstractProcessorLight.java:66) [tomcat-embed-core-9.0.16.jar:9.0.16]
	at org.apache.coyote.AbstractProtocol$ConnectionHandler.process(AbstractProtocol.java:834) [tomcat-embed-core-9.0.16.jar:9.0.16]
	at org.apache.tomcat.util.net.NioEndpoint$SocketProcessor.doRun(NioEndpoint.java:1415) [tomcat-embed-core-9.0.16.jar:9.0.16]
	at org.apache.tomcat.util.net.SocketProcessorBase.run(SocketProcessorBase.java:49) [tomcat-embed-core-9.0.16.jar:9.0.16]
	at java.util.concurrent.ThreadPoolExecutor.runWorker(ThreadPoolExecutor.java:1149) [?:1.8.0_144]
	at java.util.concurrent.ThreadPoolExecutor$Worker.run(ThreadPoolExecutor.java:624) [?:1.8.0_144]
	at org.apache.tomcat.util.threads.TaskThread$WrappingRunnable.run(TaskThread.java:61) [tomcat-embed-core-9.0.16.jar:9.0.16]
	at java.lang.Thread.run(Thread.java:748) [?:1.8.0_144]
2019-05-31 10:02:54.371 [main] INFO  com.test.authentication.AuthenticationApplication - Starting AuthenticationApplication on DESKTOP-VMUUFFJ with PID 17424 (F:\project2\myshiro\authentication\target\classes started by eeesys7 in F:\project2\myshiro)
2019-05-31 10:02:54.379 [main] INFO  com.test.authentication.AuthenticationApplication - No active profile set, falling back to default profiles: default
2019-05-31 10:02:55.549 [main] INFO  com.zaxxer.hikari.HikariDataSource - HikariPool-1 - Starting...
2019-05-31 10:02:55.660 [main] INFO  com.zaxxer.hikari.HikariDataSource - HikariPool-1 - Start completed.
2019-05-31 10:02:56.639 [main] INFO  org.apache.coyote.http11.Http11NioProtocol - Initializing ProtocolHandler ["http-nio-8080"]
2019-05-31 10:02:56.650 [main] INFO  org.apache.catalina.core.StandardService - Starting service [Tomcat]
2019-05-31 10:02:56.651 [main] INFO  org.apache.catalina.core.StandardEngine - Starting Servlet engine: [Apache Tomcat/9.0.16]
2019-05-31 10:02:56.658 [main] INFO  org.apache.catalina.core.AprLifecycleListener - The APR based Apache Tomcat Native library which allows optimal performance in production environments was not found on the java.library.path: [C:\Program Files\Java\jdk1.8.0_144\bin;C:\WINDOWS\Sun\Java\bin;C:\WINDOWS\system32;C:\WINDOWS;C:\ProgramData\Oracle\Java\javapath;C:\Program Files (x86)\NVIDIA Corporation\PhysX\Common;C:\WINDOWS\system32;C:\WINDOWS;C:\WINDOWS\System32\Wbem;C:\WINDOWS\System32\WindowsPowerShell\v1.0\;C:\Program Files (x86)\ATI Technologies\ATI.ACE\Core-Static;C:\Program Files\MySQL\MySQL Server 5.5\bin;C:\Program Files\Java\jdk1.8.0_144\bin;C:\Users\eeesys7\AppData\Roaming\npm;E:\Program Files\nodejs\;C:\WINDOWS\System32\OpenSSH\;C:\Program Files (x86)\Microsoft SQL Server\100\Tools\Binn\;C:\Program Files\Microsoft SQL Server\100\Tools\Binn\;C:\Program Files\Microsoft SQL Server\100\DTS\Binn\;C:\Program Files (x86)\Microsoft SQL Server\100\Tools\Binn\VSShell\Common7\IDE\;C:\Program Files (x86)\Microsoft SQL Server\100\DTS\Binn\;E:\Program Files\Git\cmd;C:\Program Files\Java\jdk1.8.0_144\bin;C:\Users\eeesys7\AppData\Roaming\npm;C:\Users\eeesys7\AppData\Local\Microsoft\WindowsApps;E:\gradle-4.9\bin;F:\Tesseract-OCR;F:\apache-ant-1.9.7\bin;E:\apache-maven-3.3.3\bin;;.]
2019-05-31 10:02:56.796 [main] INFO  org.apache.catalina.core.ContainerBase.[Tomcat].[localhost].[/] - Initializing Spring embedded WebApplicationContext
2019-05-31 10:02:57.415 [main] INFO  org.apache.coyote.http11.Http11NioProtocol - Starting ProtocolHandler ["http-nio-8080"]
2019-05-31 10:02:57.447 [main] INFO  com.test.authentication.AuthenticationApplication - Started AuthenticationApplication in 3.825 seconds (JVM running for 5.089)
2019-05-31 10:03:12.100 [http-nio-8080-exec-1] INFO  org.apache.catalina.core.ContainerBase.[Tomcat].[localhost].[/] - Initializing Spring DispatcherServlet 'dispatcherServlet'
2019-05-31 10:03:45.730 [HikariPool-1 housekeeper] WARN  com.zaxxer.hikari.pool.HikariPool - HikariPool-1 - Thread starvation or clock leap detected (housekeeper delta=49s960ms676µs87ns).
2019-05-31 10:05:04.612 [main] INFO  com.test.authentication.AuthenticationApplication - Starting AuthenticationApplication on DESKTOP-VMUUFFJ with PID 5436 (F:\project2\myshiro\authentication\target\classes started by eeesys7 in F:\project2\myshiro)
2019-05-31 10:05:04.620 [main] INFO  com.test.authentication.AuthenticationApplication - No active profile set, falling back to default profiles: default
2019-05-31 10:05:05.782 [main] INFO  com.zaxxer.hikari.HikariDataSource - HikariPool-1 - Starting...
2019-05-31 10:05:05.889 [main] INFO  com.zaxxer.hikari.HikariDataSource - HikariPool-1 - Start completed.
2019-05-31 10:05:06.813 [main] INFO  org.apache.coyote.http11.Http11NioProtocol - Initializing ProtocolHandler ["http-nio-8080"]
2019-05-31 10:05:06.824 [main] INFO  org.apache.catalina.core.StandardService - Starting service [Tomcat]
2019-05-31 10:05:06.825 [main] INFO  org.apache.catalina.core.StandardEngine - Starting Servlet engine: [Apache Tomcat/9.0.16]
2019-05-31 10:05:06.832 [main] INFO  org.apache.catalina.core.AprLifecycleListener - The APR based Apache Tomcat Native library which allows optimal performance in production environments was not found on the java.library.path: [C:\Program Files\Java\jdk1.8.0_144\bin;C:\WINDOWS\Sun\Java\bin;C:\WINDOWS\system32;C:\WINDOWS;C:\ProgramData\Oracle\Java\javapath;C:\Program Files (x86)\NVIDIA Corporation\PhysX\Common;C:\WINDOWS\system32;C:\WINDOWS;C:\WINDOWS\System32\Wbem;C:\WINDOWS\System32\WindowsPowerShell\v1.0\;C:\Program Files (x86)\ATI Technologies\ATI.ACE\Core-Static;C:\Program Files\MySQL\MySQL Server 5.5\bin;C:\Program Files\Java\jdk1.8.0_144\bin;C:\Users\eeesys7\AppData\Roaming\npm;E:\Program Files\nodejs\;C:\WINDOWS\System32\OpenSSH\;C:\Program Files (x86)\Microsoft SQL Server\100\Tools\Binn\;C:\Program Files\Microsoft SQL Server\100\Tools\Binn\;C:\Program Files\Microsoft SQL Server\100\DTS\Binn\;C:\Program Files (x86)\Microsoft SQL Server\100\Tools\Binn\VSShell\Common7\IDE\;C:\Program Files (x86)\Microsoft SQL Server\100\DTS\Binn\;E:\Program Files\Git\cmd;C:\Program Files\Java\jdk1.8.0_144\bin;C:\Users\eeesys7\AppData\Roaming\npm;C:\Users\eeesys7\AppData\Local\Microsoft\WindowsApps;E:\gradle-4.9\bin;F:\Tesseract-OCR;F:\apache-ant-1.9.7\bin;E:\apache-maven-3.3.3\bin;;.]
2019-05-31 10:05:06.967 [main] INFO  org.apache.catalina.core.ContainerBase.[Tomcat].[localhost].[/] - Initializing Spring embedded WebApplicationContext
2019-05-31 10:05:07.554 [main] INFO  org.apache.coyote.http11.Http11NioProtocol - Starting ProtocolHandler ["http-nio-8080"]
2019-05-31 10:05:07.586 [main] INFO  com.test.authentication.AuthenticationApplication - Started AuthenticationApplication in 3.793 seconds (JVM running for 5.05)
2019-05-31 10:05:10.537 [http-nio-8080-exec-1] INFO  org.apache.catalina.core.ContainerBase.[Tomcat].[localhost].[/] - Initializing Spring DispatcherServlet 'dispatcherServlet'
2019-05-31 10:05:41.156 [http-nio-8080-exec-1] WARN  org.apache.shiro.authc.AbstractAuthenticator - Authentication failed for token submission [org.apache.shiro.authc.UsernamePasswordToken - 111, rememberMe=false].  Possible unexpected error? (Typical or expected login exceptions should extend from AuthenticationException).
org.springframework.jdbc.BadSqlGrammarException: 
### Error querying database.  Cause: org.h2.jdbc.JdbcSQLException: Table "USER" not found; SQL statement:
SELECT id,name,password,salt,age,email FROM user  
 WHERE name = ? 

AND password = ? [42102-197]
### The error may exist in com/root/mapper/UserMapper.java (best guess)
### The error may involve com.root.mapper.UserMapper.selectByMap
### The error occurred while executing a query
### SQL: SELECT id,name,password,salt,age,email FROM user    WHERE name = ?   AND password = ?
### Cause: org.h2.jdbc.JdbcSQLException: Table "USER" not found; SQL statement:
SELECT id,name,password,salt,age,email FROM user  
 WHERE name = ? 

AND password = ? [42102-197]
; bad SQL grammar []; nested exception is org.h2.jdbc.JdbcSQLException: Table "USER" not found; SQL statement:
SELECT id,name,password,salt,age,email FROM user  
 WHERE name = ? 

AND password = ? [42102-197]
	at org.springframework.jdbc.support.SQLErrorCodeSQLExceptionTranslator.doTranslate(SQLErrorCodeSQLExceptionTranslator.java:234) ~[spring-jdbc-5.1.5.RELEASE.jar:5.1.5.RELEASE]
	at org.springframework.jdbc.support.AbstractFallbackSQLExceptionTranslator.translate(AbstractFallbackSQLExceptionTranslator.java:72) ~[spring-jdbc-5.1.5.RELEASE.jar:5.1.5.RELEASE]
	at org.mybatis.spring.MyBatisExceptionTranslator.translateExceptionIfPossible(MyBatisExceptionTranslator.java:73) ~[mybatis-spring-1.3.2.jar:1.3.2]
	at org.mybatis.spring.SqlSessionTemplate$SqlSessionInterceptor.invoke(SqlSessionTemplate.java:446) ~[mybatis-spring-1.3.2.jar:1.3.2]
	at com.sun.proxy.$Proxy74.selectList(Unknown Source) ~[?:?]
	at org.mybatis.spring.SqlSessionTemplate.selectList(SqlSessionTemplate.java:230) ~[mybatis-spring-1.3.2.jar:1.3.2]
	at com.baomidou.mybatisplus.core.override.PageMapperMethod.executeForMany(PageMapperMethod.java:173) ~[mybatis-plus-core-3.0-RELEASE.jar:?]
	at com.baomidou.mybatisplus.core.override.PageMapperMethod.execute(PageMapperMethod.java:86) ~[mybatis-plus-core-3.0-RELEASE.jar:?]
	at com.baomidou.mybatisplus.core.override.PageMapperProxy.invoke(PageMapperProxy.java:64) ~[mybatis-plus-core-3.0-RELEASE.jar:?]
	at com.sun.proxy.$Proxy76.selectByMap(Unknown Source) ~[?:?]
	at com.test.authentication.shiro.UserRealm.getAuthenticationInfo(UserRealm.java:51) ~[classes/:?]
	at org.apache.shiro.authc.pam.ModularRealmAuthenticator.doSingleRealmAuthentication(ModularRealmAuthenticator.java:180) ~[shiro-core-1.4.0.jar:1.4.0]
	at org.apache.shiro.authc.pam.ModularRealmAuthenticator.doAuthenticate(ModularRealmAuthenticator.java:267) ~[shiro-core-1.4.0.jar:1.4.0]
	at org.apache.shiro.authc.AbstractAuthenticator.authenticate(AbstractAuthenticator.java:198) [shiro-core-1.4.0.jar:1.4.0]
	at org.apache.shiro.mgt.AuthenticatingSecurityManager.authenticate(AuthenticatingSecurityManager.java:106) [shiro-core-1.4.0.jar:1.4.0]
	at org.apache.shiro.mgt.DefaultSecurityManager.login(DefaultSecurityManager.java:274) [shiro-core-1.4.0.jar:1.4.0]
	at org.apache.shiro.subject.support.DelegatingSubject.login(DelegatingSubject.java:260) [shiro-core-1.4.0.jar:1.4.0]
	at com.test.authentication.controller.TestContralloer.login(TestContralloer.java:22) [classes/:?]
	at sun.reflect.NativeMethodAccessorImpl.invoke0(Native Method) ~[?:1.8.0_144]
	at sun.reflect.NativeMethodAccessorImpl.invoke(NativeMethodAccessorImpl.java:62) ~[?:1.8.0_144]
	at sun.reflect.DelegatingMethodAccessorImpl.invoke(DelegatingMethodAccessorImpl.java:43) ~[?:1.8.0_144]
	at java.lang.reflect.Method.invoke(Method.java:498) ~[?:1.8.0_144]
	at org.springframework.web.method.support.InvocableHandlerMethod.doInvoke(InvocableHandlerMethod.java:189) [spring-web-5.1.5.RELEASE.jar:5.1.5.RELEASE]
	at org.springframework.web.method.support.InvocableHandlerMethod.invokeForRequest(InvocableHandlerMethod.java:138) [spring-web-5.1.5.RELEASE.jar:5.1.5.RELEASE]
	at org.springframework.web.servlet.mvc.method.annotation.ServletInvocableHandlerMethod.invokeAndHandle(ServletInvocableHandlerMethod.java:102) [spring-webmvc-5.1.5.RELEASE.jar:5.1.5.RELEASE]
	at org.springframework.web.servlet.mvc.method.annotation.RequestMappingHandlerAdapter.invokeHandlerMethod(RequestMappingHandlerAdapter.java:895) [spring-webmvc-5.1.5.RELEASE.jar:5.1.5.RELEASE]
	at org.springframework.web.servlet.mvc.method.annotation.RequestMappingHandlerAdapter.handleInternal(RequestMappingHandlerAdapter.java:800) [spring-webmvc-5.1.5.RELEASE.jar:5.1.5.RELEASE]
	at org.springframework.web.servlet.mvc.method.AbstractHandlerMethodAdapter.handle(AbstractHandlerMethodAdapter.java:87) [spring-webmvc-5.1.5.RELEASE.jar:5.1.5.RELEASE]
	at org.springframework.web.servlet.DispatcherServlet.doDispatch(DispatcherServlet.java:1038) [spring-webmvc-5.1.5.RELEASE.jar:5.1.5.RELEASE]
	at org.springframework.web.servlet.DispatcherServlet.doService(DispatcherServlet.java:942) [spring-webmvc-5.1.5.RELEASE.jar:5.1.5.RELEASE]
	at org.springframework.web.servlet.FrameworkServlet.processRequest(FrameworkServlet.java:1005) [spring-webmvc-5.1.5.RELEASE.jar:5.1.5.RELEASE]
	at org.springframework.web.servlet.FrameworkServlet.doGet(FrameworkServlet.java:897) [spring-webmvc-5.1.5.RELEASE.jar:5.1.5.RELEASE]
	at javax.servlet.http.HttpServlet.service(HttpServlet.java:634) [tomcat-embed-core-9.0.16.jar:9.0.16]
	at org.springframework.web.servlet.FrameworkServlet.service(FrameworkServlet.java:882) [spring-webmvc-5.1.5.RELEASE.jar:5.1.5.RELEASE]
	at javax.servlet.http.HttpServlet.service(HttpServlet.java:741) [tomcat-embed-core-9.0.16.jar:9.0.16]
	at org.apache.catalina.core.ApplicationFilterChain.internalDoFilter(ApplicationFilterChain.java:231) [tomcat-embed-core-9.0.16.jar:9.0.16]
	at org.apache.catalina.core.ApplicationFilterChain.doFilter(ApplicationFilterChain.java:166) [tomcat-embed-core-9.0.16.jar:9.0.16]
	at org.apache.tomcat.websocket.server.WsFilter.doFilter(WsFilter.java:53) [tomcat-embed-websocket-9.0.16.jar:9.0.16]
	at org.apache.catalina.core.ApplicationFilterChain.internalDoFilter(ApplicationFilterChain.java:193) [tomcat-embed-core-9.0.16.jar:9.0.16]
	at org.apache.catalina.core.ApplicationFilterChain.doFilter(ApplicationFilterChain.java:166) [tomcat-embed-core-9.0.16.jar:9.0.16]
	at org.apache.shiro.web.servlet.ProxiedFilterChain.doFilter(ProxiedFilterChain.java:61) [shiro-web-1.4.0.jar:1.4.0]
	at org.apache.shiro.web.servlet.AdviceFilter.executeChain(AdviceFilter.java:108) [shiro-web-1.4.0.jar:1.4.0]
	at org.apache.shiro.web.servlet.AdviceFilter.doFilterInternal(AdviceFilter.java:137) [shiro-web-1.4.0.jar:1.4.0]
	at org.apache.shiro.web.servlet.OncePerRequestFilter.doFilter(OncePerRequestFilter.java:125) [shiro-web-1.4.0.jar:1.4.0]
	at org.apache.shiro.web.servlet.ProxiedFilterChain.doFilter(ProxiedFilterChain.java:66) [shiro-web-1.4.0.jar:1.4.0]
	at org.apache.shiro.web.servlet.AbstractShiroFilter.executeChain(AbstractShiroFilter.java:449) [shiro-web-1.4.0.jar:1.4.0]
	at org.apache.shiro.web.servlet.AbstractShiroFilter$1.call(AbstractShiroFilter.java:365) [shiro-web-1.4.0.jar:1.4.0]
	at org.apache.shiro.subject.support.SubjectCallable.doCall(SubjectCallable.java:90) [shiro-core-1.4.0.jar:1.4.0]
	at org.apache.shiro.subject.support.SubjectCallable.call(SubjectCallable.java:83) [shiro-core-1.4.0.jar:1.4.0]
	at org.apache.shiro.subject.support.DelegatingSubject.execute(DelegatingSubject.java:387) [shiro-core-1.4.0.jar:1.4.0]
	at org.apache.shiro.web.servlet.AbstractShiroFilter.doFilterInternal(AbstractShiroFilter.java:362) [shiro-web-1.4.0.jar:1.4.0]
	at org.apache.shiro.web.servlet.OncePerRequestFilter.doFilter(OncePerRequestFilter.java:125) [shiro-web-1.4.0.jar:1.4.0]
	at org.apache.catalina.core.ApplicationFilterChain.internalDoFilter(ApplicationFilterChain.java:193) [tomcat-embed-core-9.0.16.jar:9.0.16]
	at org.apache.catalina.core.ApplicationFilterChain.doFilter(ApplicationFilterChain.java:166) [tomcat-embed-core-9.0.16.jar:9.0.16]
	at org.springframework.web.filter.RequestContextFilter.doFilterInternal(RequestContextFilter.java:99) [spring-web-5.1.5.RELEASE.jar:5.1.5.RELEASE]
	at org.springframework.web.filter.OncePerRequestFilter.doFilter(OncePerRequestFilter.java:107) [spring-web-5.1.5.RELEASE.jar:5.1.5.RELEASE]
	at org.apache.catalina.core.ApplicationFilterChain.internalDoFilter(ApplicationFilterChain.java:193) [tomcat-embed-core-9.0.16.jar:9.0.16]
	at org.apache.catalina.core.ApplicationFilterChain.doFilter(ApplicationFilterChain.java:166) [tomcat-embed-core-9.0.16.jar:9.0.16]
	at org.springframework.web.filter.FormContentFilter.doFilterInternal(FormContentFilter.java:92) [spring-web-5.1.5.RELEASE.jar:5.1.5.RELEASE]
	at org.springframework.web.filter.OncePerRequestFilter.doFilter(OncePerRequestFilter.java:107) [spring-web-5.1.5.RELEASE.jar:5.1.5.RELEASE]
	at org.apache.catalina.core.ApplicationFilterChain.internalDoFilter(ApplicationFilterChain.java:193) [tomcat-embed-core-9.0.16.jar:9.0.16]
	at org.apache.catalina.core.ApplicationFilterChain.doFilter(ApplicationFilterChain.java:166) [tomcat-embed-core-9.0.16.jar:9.0.16]
	at org.springframework.web.filter.HiddenHttpMethodFilter.doFilterInternal(HiddenHttpMethodFilter.java:93) [spring-web-5.1.5.RELEASE.jar:5.1.5.RELEASE]
	at org.springframework.web.filter.OncePerRequestFilter.doFilter(OncePerRequestFilter.java:107) [spring-web-5.1.5.RELEASE.jar:5.1.5.RELEASE]
	at org.apache.catalina.core.ApplicationFilterChain.internalDoFilter(ApplicationFilterChain.java:193) [tomcat-embed-core-9.0.16.jar:9.0.16]
	at org.apache.catalina.core.ApplicationFilterChain.doFilter(ApplicationFilterChain.java:166) [tomcat-embed-core-9.0.16.jar:9.0.16]
	at org.springframework.web.filter.CharacterEncodingFilter.doFilterInternal(CharacterEncodingFilter.java:200) [spring-web-5.1.5.RELEASE.jar:5.1.5.RELEASE]
	at org.springframework.web.filter.OncePerRequestFilter.doFilter(OncePerRequestFilter.java:107) [spring-web-5.1.5.RELEASE.jar:5.1.5.RELEASE]
	at org.apache.catalina.core.ApplicationFilterChain.internalDoFilter(ApplicationFilterChain.java:193) [tomcat-embed-core-9.0.16.jar:9.0.16]
	at org.apache.catalina.core.ApplicationFilterChain.doFilter(ApplicationFilterChain.java:166) [tomcat-embed-core-9.0.16.jar:9.0.16]
	at org.apache.catalina.core.StandardWrapperValve.invoke(StandardWrapperValve.java:200) [tomcat-embed-core-9.0.16.jar:9.0.16]
	at org.apache.catalina.core.StandardContextValve.invoke(StandardContextValve.java:96) [tomcat-embed-core-9.0.16.jar:9.0.16]
	at org.apache.catalina.authenticator.AuthenticatorBase.invoke(AuthenticatorBase.java:490) [tomcat-embed-core-9.0.16.jar:9.0.16]
	at org.apache.catalina.core.StandardHostValve.invoke(StandardHostValve.java:139) [tomcat-embed-core-9.0.16.jar:9.0.16]
	at org.apache.catalina.valves.ErrorReportValve.invoke(ErrorReportValve.java:92) [tomcat-embed-core-9.0.16.jar:9.0.16]
	at org.apache.catalina.core.StandardEngineValve.invoke(StandardEngineValve.java:74) [tomcat-embed-core-9.0.16.jar:9.0.16]
	at org.apache.catalina.connector.CoyoteAdapter.service(CoyoteAdapter.java:343) [tomcat-embed-core-9.0.16.jar:9.0.16]
	at org.apache.coyote.http11.Http11Processor.service(Http11Processor.java:408) [tomcat-embed-core-9.0.16.jar:9.0.16]
	at org.apache.coyote.AbstractProcessorLight.process(AbstractProcessorLight.java:66) [tomcat-embed-core-9.0.16.jar:9.0.16]
	at org.apache.coyote.AbstractProtocol$ConnectionHandler.process(AbstractProtocol.java:834) [tomcat-embed-core-9.0.16.jar:9.0.16]
	at org.apache.tomcat.util.net.NioEndpoint$SocketProcessor.doRun(NioEndpoint.java:1415) [tomcat-embed-core-9.0.16.jar:9.0.16]
	at org.apache.tomcat.util.net.SocketProcessorBase.run(SocketProcessorBase.java:49) [tomcat-embed-core-9.0.16.jar:9.0.16]
	at java.util.concurrent.ThreadPoolExecutor.runWorker(ThreadPoolExecutor.java:1149) [?:1.8.0_144]
	at java.util.concurrent.ThreadPoolExecutor$Worker.run(ThreadPoolExecutor.java:624) [?:1.8.0_144]
	at org.apache.tomcat.util.threads.TaskThread$WrappingRunnable.run(TaskThread.java:61) [tomcat-embed-core-9.0.16.jar:9.0.16]
	at java.lang.Thread.run(Thread.java:748) [?:1.8.0_144]
Caused by: org.h2.jdbc.JdbcSQLException: Table "USER" not found; SQL statement:
SELECT id,name,password,salt,age,email FROM user  
 WHERE name = ? 

AND password = ? [42102-197]
	at org.h2.message.DbException.getJdbcSQLException(DbException.java:357) ~[h2-1.4.197.jar:1.4.197]
	at org.h2.message.DbException.get(DbException.java:179) ~[h2-1.4.197.jar:1.4.197]
	at org.h2.message.DbException.get(DbException.java:155) ~[h2-1.4.197.jar:1.4.197]
	at org.h2.command.Parser.readTableOrView(Parser.java:5920) ~[h2-1.4.197.jar:1.4.197]
	at org.h2.command.Parser.readTableFilter(Parser.java:1430) ~[h2-1.4.197.jar:1.4.197]
	at org.h2.command.Parser.parseSelectSimpleFromPart(Parser.java:2138) ~[h2-1.4.197.jar:1.4.197]
	at org.h2.command.Parser.parseSelectSimple(Parser.java:2287) ~[h2-1.4.197.jar:1.4.197]
	at org.h2.command.Parser.parseSelectSub(Parser.java:2133) ~[h2-1.4.197.jar:1.4.197]
	at org.h2.command.Parser.parseSelectUnion(Parser.java:1946) ~[h2-1.4.197.jar:1.4.197]
	at org.h2.command.Parser.parseSelect(Parser.java:1919) ~[h2-1.4.197.jar:1.4.197]
	at org.h2.command.Parser.parsePrepared(Parser.java:463) ~[h2-1.4.197.jar:1.4.197]
	at org.h2.command.Parser.parse(Parser.java:335) ~[h2-1.4.197.jar:1.4.197]
	at org.h2.command.Parser.parse(Parser.java:307) ~[h2-1.4.197.jar:1.4.197]
	at org.h2.command.Parser.prepareCommand(Parser.java:278) ~[h2-1.4.197.jar:1.4.197]
	at org.h2.engine.Session.prepareLocal(Session.java:611) ~[h2-1.4.197.jar:1.4.197]
	at org.h2.engine.Session.prepareCommand(Session.java:549) ~[h2-1.4.197.jar:1.4.197]
	at org.h2.jdbc.JdbcConnection.prepareCommand(JdbcConnection.java:1247) ~[h2-1.4.197.jar:1.4.197]
	at org.h2.jdbc.JdbcPreparedStatement.<init>(JdbcPreparedStatement.java:76) ~[h2-1.4.197.jar:1.4.197]
	at org.h2.jdbc.JdbcConnection.prepareStatement(JdbcConnection.java:304) ~[h2-1.4.197.jar:1.4.197]
	at com.zaxxer.hikari.pool.ProxyConnection.prepareStatement(ProxyConnection.java:311) ~[HikariCP-3.2.0.jar:?]
	at com.zaxxer.hikari.pool.HikariProxyConnection.prepareStatement(HikariProxyConnection.java) ~[HikariCP-3.2.0.jar:?]
	at org.apache.ibatis.executor.statement.PreparedStatementHandler.instantiateStatement(PreparedStatementHandler.java:87) ~[mybatis-3.4.6.jar:3.4.6]
	at org.apache.ibatis.executor.statement.BaseStatementHandler.prepare(BaseStatementHandler.java:88) ~[mybatis-3.4.6.jar:3.4.6]
	at org.apache.ibatis.executor.statement.RoutingStatementHandler.prepare(RoutingStatementHandler.java:59) ~[mybatis-3.4.6.jar:3.4.6]
	at org.apache.ibatis.executor.SimpleExecutor.prepareStatement(SimpleExecutor.java:85) ~[mybatis-3.4.6.jar:3.4.6]
	at org.apache.ibatis.executor.SimpleExecutor.doQuery(SimpleExecutor.java:62) ~[mybatis-3.4.6.jar:3.4.6]
	at org.apache.ibatis.executor.BaseExecutor.queryFromDatabase(BaseExecutor.java:326) ~[mybatis-3.4.6.jar:3.4.6]
	at org.apache.ibatis.executor.BaseExecutor.query(BaseExecutor.java:156) ~[mybatis-3.4.6.jar:3.4.6]
	at org.apache.ibatis.executor.CachingExecutor.query(CachingExecutor.java:109) ~[mybatis-3.4.6.jar:3.4.6]
	at org.apache.ibatis.executor.CachingExecutor.query(CachingExecutor.java:83) ~[mybatis-3.4.6.jar:3.4.6]
	at org.apache.ibatis.session.defaults.DefaultSqlSession.selectList(DefaultSqlSession.java:148) ~[mybatis-3.4.6.jar:3.4.6]
	at org.apache.ibatis.session.defaults.DefaultSqlSession.selectList(DefaultSqlSession.java:141) ~[mybatis-3.4.6.jar:3.4.6]
	at sun.reflect.NativeMethodAccessorImpl.invoke0(Native Method) ~[?:1.8.0_144]
	at sun.reflect.NativeMethodAccessorImpl.invoke(NativeMethodAccessorImpl.java:62) ~[?:1.8.0_144]
	at sun.reflect.DelegatingMethodAccessorImpl.invoke(DelegatingMethodAccessorImpl.java:43) ~[?:1.8.0_144]
	at java.lang.reflect.Method.invoke(Method.java:498) ~[?:1.8.0_144]
	at org.mybatis.spring.SqlSessionTemplate$SqlSessionInterceptor.invoke(SqlSessionTemplate.java:433) ~[mybatis-spring-1.3.2.jar:1.3.2]
	... 82 more
2019-05-31 10:07:25.663 [main] INFO  com.test.authentication.AuthenticationApplication - Starting AuthenticationApplication on DESKTOP-VMUUFFJ with PID 6532 (F:\project2\myshiro\authentication\target\classes started by eeesys7 in F:\project2\myshiro)
2019-05-31 10:07:25.671 [main] INFO  com.test.authentication.AuthenticationApplication - No active profile set, falling back to default profiles: default
2019-05-31 10:07:26.750 [main] INFO  com.zaxxer.hikari.HikariDataSource - HikariPool-1 - Starting...
2019-05-31 10:07:26.865 [main] INFO  com.zaxxer.hikari.HikariDataSource - HikariPool-1 - Start completed.
2019-05-31 10:07:42.408 [main] INFO  com.test.authentication.AuthenticationApplication - Starting AuthenticationApplication on DESKTOP-VMUUFFJ with PID 16556 (F:\project2\myshiro\authentication\target\classes started by eeesys7 in F:\project2\myshiro)
2019-05-31 10:07:42.417 [main] INFO  com.test.authentication.AuthenticationApplication - No active profile set, falling back to default profiles: default
2019-05-31 10:07:43.629 [main] INFO  com.zaxxer.hikari.HikariDataSource - HikariPool-1 - Starting...
2019-05-31 10:07:43.746 [main] INFO  com.zaxxer.hikari.HikariDataSource - HikariPool-1 - Start completed.
2019-05-31 10:08:33.498 [main] INFO  com.test.authentication.AuthenticationApplication - Starting AuthenticationApplication on DESKTOP-VMUUFFJ with PID 14528 (F:\project2\myshiro\authentication\target\classes started by eeesys7 in F:\project2\myshiro)
2019-05-31 10:08:33.505 [main] INFO  com.test.authentication.AuthenticationApplication - No active profile set, falling back to default profiles: default
2019-05-31 10:08:34.558 [main] INFO  com.zaxxer.hikari.HikariDataSource - HikariPool-1 - Starting...
2019-05-31 10:08:34.674 [main] INFO  com.zaxxer.hikari.HikariDataSource - HikariPool-1 - Start completed.
2019-05-31 10:08:35.719 [main] INFO  org.apache.coyote.http11.Http11NioProtocol - Initializing ProtocolHandler ["http-nio-8080"]
2019-05-31 10:08:35.732 [main] INFO  org.apache.catalina.core.StandardService - Starting service [Tomcat]
2019-05-31 10:08:35.733 [main] INFO  org.apache.catalina.core.StandardEngine - Starting Servlet engine: [Apache Tomcat/9.0.16]
2019-05-31 10:08:35.740 [main] INFO  org.apache.catalina.core.AprLifecycleListener - The APR based Apache Tomcat Native library which allows optimal performance in production environments was not found on the java.library.path: [C:\Program Files\Java\jdk1.8.0_144\bin;C:\WINDOWS\Sun\Java\bin;C:\WINDOWS\system32;C:\WINDOWS;C:\ProgramData\Oracle\Java\javapath;C:\Program Files (x86)\NVIDIA Corporation\PhysX\Common;C:\WINDOWS\system32;C:\WINDOWS;C:\WINDOWS\System32\Wbem;C:\WINDOWS\System32\WindowsPowerShell\v1.0\;C:\Program Files (x86)\ATI Technologies\ATI.ACE\Core-Static;C:\Program Files\MySQL\MySQL Server 5.5\bin;C:\Program Files\Java\jdk1.8.0_144\bin;C:\Users\eeesys7\AppData\Roaming\npm;E:\Program Files\nodejs\;C:\WINDOWS\System32\OpenSSH\;C:\Program Files (x86)\Microsoft SQL Server\100\Tools\Binn\;C:\Program Files\Microsoft SQL Server\100\Tools\Binn\;C:\Program Files\Microsoft SQL Server\100\DTS\Binn\;C:\Program Files (x86)\Microsoft SQL Server\100\Tools\Binn\VSShell\Common7\IDE\;C:\Program Files (x86)\Microsoft SQL Server\100\DTS\Binn\;E:\Program Files\Git\cmd;C:\Program Files\Java\jdk1.8.0_144\bin;C:\Users\eeesys7\AppData\Roaming\npm;C:\Users\eeesys7\AppData\Local\Microsoft\WindowsApps;E:\gradle-4.9\bin;F:\Tesseract-OCR;F:\apache-ant-1.9.7\bin;E:\apache-maven-3.3.3\bin;;.]
2019-05-31 10:08:35.877 [main] INFO  org.apache.catalina.core.ContainerBase.[Tomcat].[localhost].[/] - Initializing Spring embedded WebApplicationContext
2019-05-31 10:08:36.449 [main] INFO  org.apache.coyote.http11.Http11NioProtocol - Starting ProtocolHandler ["http-nio-8080"]
2019-05-31 10:08:36.482 [main] INFO  com.test.authentication.AuthenticationApplication - Started AuthenticationApplication in 3.872 seconds (JVM running for 5.204)
2019-05-31 10:08:40.545 [http-nio-8080-exec-1] INFO  org.apache.catalina.core.ContainerBase.[Tomcat].[localhost].[/] - Initializing Spring DispatcherServlet 'dispatcherServlet'
2019-05-31 10:15:57.466 [main] INFO  com.test.authentication.AuthenticationApplication - Starting AuthenticationApplication on DESKTOP-VMUUFFJ with PID 8596 (F:\project2\myshiro\authentication\target\classes started by eeesys7 in F:\project2\myshiro)
2019-05-31 10:15:57.474 [main] INFO  com.test.authentication.AuthenticationApplication - No active profile set, falling back to default profiles: default
2019-05-31 10:15:58.557 [main] INFO  com.zaxxer.hikari.HikariDataSource - HikariPool-1 - Starting...
2019-05-31 10:15:58.670 [main] INFO  com.zaxxer.hikari.HikariDataSource - HikariPool-1 - Start completed.
2019-05-31 10:15:59.680 [main] INFO  org.apache.coyote.http11.Http11NioProtocol - Initializing ProtocolHandler ["http-nio-8080"]
2019-05-31 10:15:59.691 [main] INFO  org.apache.catalina.core.StandardService - Starting service [Tomcat]
2019-05-31 10:15:59.692 [main] INFO  org.apache.catalina.core.StandardEngine - Starting Servlet engine: [Apache Tomcat/9.0.16]
2019-05-31 10:15:59.699 [main] INFO  org.apache.catalina.core.AprLifecycleListener - The APR based Apache Tomcat Native library which allows optimal performance in production environments was not found on the java.library.path: [C:\Program Files\Java\jdk1.8.0_144\bin;C:\WINDOWS\Sun\Java\bin;C:\WINDOWS\system32;C:\WINDOWS;C:\ProgramData\Oracle\Java\javapath;C:\Program Files (x86)\NVIDIA Corporation\PhysX\Common;C:\WINDOWS\system32;C:\WINDOWS;C:\WINDOWS\System32\Wbem;C:\WINDOWS\System32\WindowsPowerShell\v1.0\;C:\Program Files (x86)\ATI Technologies\ATI.ACE\Core-Static;C:\Program Files\MySQL\MySQL Server 5.5\bin;C:\Program Files\Java\jdk1.8.0_144\bin;C:\Users\eeesys7\AppData\Roaming\npm;E:\Program Files\nodejs\;C:\WINDOWS\System32\OpenSSH\;C:\Program Files (x86)\Microsoft SQL Server\100\Tools\Binn\;C:\Program Files\Microsoft SQL Server\100\Tools\Binn\;C:\Program Files\Microsoft SQL Server\100\DTS\Binn\;C:\Program Files (x86)\Microsoft SQL Server\100\Tools\Binn\VSShell\Common7\IDE\;C:\Program Files (x86)\Microsoft SQL Server\100\DTS\Binn\;E:\Program Files\Git\cmd;C:\Program Files\Java\jdk1.8.0_144\bin;C:\Users\eeesys7\AppData\Roaming\npm;C:\Users\eeesys7\AppData\Local\Microsoft\WindowsApps;E:\gradle-4.9\bin;F:\Tesseract-OCR;F:\apache-ant-1.9.7\bin;E:\apache-maven-3.3.3\bin;;.]
2019-05-31 10:15:59.848 [main] INFO  org.apache.catalina.core.ContainerBase.[Tomcat].[localhost].[/] - Initializing Spring embedded WebApplicationContext
2019-05-31 10:16:00.425 [main] INFO  org.apache.coyote.http11.Http11NioProtocol - Starting ProtocolHandler ["http-nio-8080"]
2019-05-31 10:16:00.456 [main] INFO  com.test.authentication.AuthenticationApplication - Started AuthenticationApplication in 3.822 seconds (JVM running for 5.028)
2019-05-31 10:16:16.061 [http-nio-8080-exec-3] INFO  org.apache.catalina.core.ContainerBase.[Tomcat].[localhost].[/] - Initializing Spring DispatcherServlet 'dispatcherServlet'
2019-05-31 10:17:32.569 [main] INFO  com.test.authentication.AuthenticationApplication - Starting AuthenticationApplication on DESKTOP-VMUUFFJ with PID 14740 (F:\project2\myshiro\authentication\target\classes started by eeesys7 in F:\project2\myshiro)
2019-05-31 10:17:32.577 [main] INFO  com.test.authentication.AuthenticationApplication - No active profile set, falling back to default profiles: default
2019-05-31 10:17:33.652 [main] INFO  com.zaxxer.hikari.HikariDataSource - HikariPool-1 - Starting...
2019-05-31 10:17:33.806 [main] INFO  com.zaxxer.hikari.HikariDataSource - HikariPool-1 - Start completed.
2019-05-31 10:17:34.815 [main] INFO  org.apache.coyote.http11.Http11NioProtocol - Initializing ProtocolHandler ["http-nio-8080"]
2019-05-31 10:17:34.825 [main] INFO  org.apache.catalina.core.StandardService - Starting service [Tomcat]
2019-05-31 10:17:34.826 [main] INFO  org.apache.catalina.core.StandardEngine - Starting Servlet engine: [Apache Tomcat/9.0.16]
2019-05-31 10:17:34.834 [main] INFO  org.apache.catalina.core.AprLifecycleListener - The APR based Apache Tomcat Native library which allows optimal performance in production environments was not found on the java.library.path: [C:\Program Files\Java\jdk1.8.0_144\bin;C:\WINDOWS\Sun\Java\bin;C:\WINDOWS\system32;C:\WINDOWS;C:\ProgramData\Oracle\Java\javapath;C:\Program Files (x86)\NVIDIA Corporation\PhysX\Common;C:\WINDOWS\system32;C:\WINDOWS;C:\WINDOWS\System32\Wbem;C:\WINDOWS\System32\WindowsPowerShell\v1.0\;C:\Program Files (x86)\ATI Technologies\ATI.ACE\Core-Static;C:\Program Files\MySQL\MySQL Server 5.5\bin;C:\Program Files\Java\jdk1.8.0_144\bin;C:\Users\eeesys7\AppData\Roaming\npm;E:\Program Files\nodejs\;C:\WINDOWS\System32\OpenSSH\;C:\Program Files (x86)\Microsoft SQL Server\100\Tools\Binn\;C:\Program Files\Microsoft SQL Server\100\Tools\Binn\;C:\Program Files\Microsoft SQL Server\100\DTS\Binn\;C:\Program Files (x86)\Microsoft SQL Server\100\Tools\Binn\VSShell\Common7\IDE\;C:\Program Files (x86)\Microsoft SQL Server\100\DTS\Binn\;E:\Program Files\Git\cmd;C:\Program Files\Java\jdk1.8.0_144\bin;C:\Users\eeesys7\AppData\Roaming\npm;C:\Users\eeesys7\AppData\Local\Microsoft\WindowsApps;E:\gradle-4.9\bin;F:\Tesseract-OCR;F:\apache-ant-1.9.7\bin;E:\apache-maven-3.3.3\bin;;.]
2019-05-31 10:17:34.969 [main] INFO  org.apache.catalina.core.ContainerBase.[Tomcat].[localhost].[/] - Initializing Spring embedded WebApplicationContext
2019-05-31 10:17:35.540 [main] INFO  org.apache.coyote.http11.Http11NioProtocol - Starting ProtocolHandler ["http-nio-8080"]
2019-05-31 10:17:35.572 [main] INFO  com.test.authentication.AuthenticationApplication - Started AuthenticationApplication in 3.772 seconds (JVM running for 4.942)
2019-05-31 10:17:54.083 [http-nio-8080-exec-2] INFO  org.apache.catalina.core.ContainerBase.[Tomcat].[localhost].[/] - Initializing Spring DispatcherServlet 'dispatcherServlet'
2019-05-31 10:18:28.854 [main] INFO  com.test.authentication.AuthenticationApplication - Starting AuthenticationApplication on DESKTOP-VMUUFFJ with PID 18520 (F:\project2\myshiro\authentication\target\classes started by eeesys7 in F:\project2\myshiro)
2019-05-31 10:18:28.861 [main] INFO  com.test.authentication.AuthenticationApplication - No active profile set, falling back to default profiles: default
2019-05-31 10:18:29.955 [main] INFO  com.zaxxer.hikari.HikariDataSource - HikariPool-1 - Starting...
2019-05-31 10:18:30.072 [main] INFO  com.zaxxer.hikari.HikariDataSource - HikariPool-1 - Start completed.
2019-05-31 10:18:31.097 [main] INFO  org.apache.coyote.http11.Http11NioProtocol - Initializing ProtocolHandler ["http-nio-8080"]
2019-05-31 10:18:31.109 [main] INFO  org.apache.catalina.core.StandardService - Starting service [Tomcat]
2019-05-31 10:18:31.110 [main] INFO  org.apache.catalina.core.StandardEngine - Starting Servlet engine: [Apache Tomcat/9.0.16]
2019-05-31 10:18:31.116 [main] INFO  org.apache.catalina.core.AprLifecycleListener - The APR based Apache Tomcat Native library which allows optimal performance in production environments was not found on the java.library.path: [C:\Program Files\Java\jdk1.8.0_144\bin;C:\WINDOWS\Sun\Java\bin;C:\WINDOWS\system32;C:\WINDOWS;C:\ProgramData\Oracle\Java\javapath;C:\Program Files (x86)\NVIDIA Corporation\PhysX\Common;C:\WINDOWS\system32;C:\WINDOWS;C:\WINDOWS\System32\Wbem;C:\WINDOWS\System32\WindowsPowerShell\v1.0\;C:\Program Files (x86)\ATI Technologies\ATI.ACE\Core-Static;C:\Program Files\MySQL\MySQL Server 5.5\bin;C:\Program Files\Java\jdk1.8.0_144\bin;C:\Users\eeesys7\AppData\Roaming\npm;E:\Program Files\nodejs\;C:\WINDOWS\System32\OpenSSH\;C:\Program Files (x86)\Microsoft SQL Server\100\Tools\Binn\;C:\Program Files\Microsoft SQL Server\100\Tools\Binn\;C:\Program Files\Microsoft SQL Server\100\DTS\Binn\;C:\Program Files (x86)\Microsoft SQL Server\100\Tools\Binn\VSShell\Common7\IDE\;C:\Program Files (x86)\Microsoft SQL Server\100\DTS\Binn\;E:\Program Files\Git\cmd;C:\Program Files\Java\jdk1.8.0_144\bin;C:\Users\eeesys7\AppData\Roaming\npm;C:\Users\eeesys7\AppData\Local\Microsoft\WindowsApps;E:\gradle-4.9\bin;F:\Tesseract-OCR;F:\apache-ant-1.9.7\bin;E:\apache-maven-3.3.3\bin;;.]
2019-05-31 10:18:31.252 [main] INFO  org.apache.catalina.core.ContainerBase.[Tomcat].[localhost].[/] - Initializing Spring embedded WebApplicationContext
2019-05-31 10:18:31.811 [main] INFO  org.apache.coyote.http11.Http11NioProtocol - Starting ProtocolHandler ["http-nio-8080"]
2019-05-31 10:18:31.843 [main] INFO  com.test.authentication.AuthenticationApplication - Started AuthenticationApplication in 3.809 seconds (JVM running for 5.047)
2019-05-31 10:18:40.161 [http-nio-8080-exec-1] INFO  org.apache.catalina.core.ContainerBase.[Tomcat].[localhost].[/] - Initializing Spring DispatcherServlet 'dispatcherServlet'
